<?xml version="1.0" encoding="UTF-8"?>
<testsuite xmlns:xsi="http://www.w3.org/2001/XMLSchema-instance" xsi:noNamespaceSchemaLocation="https://maven.apache.org/surefire/maven-surefire-plugin/xsd/surefire-test-report.xsd" name="example.springdata.jdbc.basics.simpleentity.SimpleEntityTests" time="0.701" tests="2" errors="0" skipped="0" failures="0">
  <properties>
[...]
</properties>
  <testcase name="exerciseRepositoryForSimpleEntity" classname="example.springdata.jdbc.basics.simpleentity.SimpleEntityTests" time="0.166"/>
  <testcase name="directInsert" classname="example.springdata.jdbc.basics.simpleentity.SimpleEntityTests" time="0.013"/>
</testsuite>